0 verbose cli /opt/homebrew/Cellar/node/24.3.0/bin/node /opt/homebrew/bin/npm
1 info using npm@11.4.2
2 info using node@v24.3.0
3 silly config load:file:/opt/homebrew/lib/node_modules/npm/npmrc
4 silly config load:file:/Users/happypepe/Documents/cursor_projects/smoothie/.npmrc
5 silly config load:file:/Users/happypepe/.npmrc
6 silly config load:file:/opt/homebrew/etc/npmrc
7 verbose title npm pack
8 verbose argv "pack" "--dry-run"
9 verbose logfile logs-max:10 dir:/Users/happypepe/Documents/cursor_projects/smoothie/.npm-cache/_logs/2026-04-07T02_05_44_971Z-
10 verbose logfile /Users/happypepe/Documents/cursor_projects/smoothie/.npm-cache/_logs/2026-04-07T02_05_44_971Z-debug-0.log
11 silly logfile done cleaning log files
12 http fetch GET https://registry.npmjs.org/npm attempt 1 failed with ENOTFOUND
13 silly packumentCache heap:4496293888 maxSize:1124073472 maxEntrySize:562036736
14 notice
15 notice 📦  smoothie-code@1.1.0
16 notice Tarball Contents
17 notice 893B .npm-cache/_logs/2026-04-07T02_05_44_971Z-debug-0.log
17 notice 0B .npm-cache/_update-notifier-last-checked
17 notice 2.7kB README.md
17 notice 3.2kB auto-blend-hook.sh
17 notice 20.4kB banner-v2.svg
17 notice 2.1kB bin/smoothie
17 notice 325B config.json
17 notice 364B dist/blend-cli.d.ts
17 notice 7.0kB dist/blend-cli.js
17 notice 11B dist/index.d.ts
17 notice 11.3kB dist/index.js
17 notice 31B dist/select-models.d.ts
17 notice 10.7kB dist/select-models.js
17 notice 20.4kB docs/banner.svg
17 notice 18.9kB docs/favicon.png
17 notice 802B docs/favicon.svg
17 notice 9.7kB docs/index.html
17 notice 18.9kB icon.png
17 notice 802B icon.svg
17 notice 12.5kB install.sh
17 notice 374B package.json
17 notice 803B plan-hook.sh
17 notice 2.8kB pr-blend-hook.sh
17 notice 7.1kB src/blend-cli.ts
17 notice 11.9kB src/index.ts
17 notice 10.7kB src/select-models.ts
17 notice 280B tsconfig.json
18 notice Tarball Details
19 notice name: smoothie-code
20 notice version: 1.1.0
21 notice filename: smoothie-code-1.1.0.tgz
22 notice package size: 50.2 kB
23 notice unpacked size: 174.9 kB
24 notice shasum: 72a9b520853c57cc517158a920ffd6c542fea9df
25 notice integrity: sha512-ZGAeMNxRGb+uh[...]UacgRsWIiGfgw==
26 notice total files: 27
27 notice
28 verbose cwd /Users/happypepe/Documents/cursor_projects/smoothie
29 verbose os Darwin 25.3.0
30 verbose node v24.3.0
31 verbose npm  v11.4.2
32 verbose exit 0
33 info ok
